Arguments: 
  /Users/ajaidi/.nvm/versions/node/v18.7.0/bin/node /Users/ajaidi/.nvm/versions/node/v18.7.0/bin/yarn add -D @node/types

PATH: 
  /usr/local/mysql/bin:/Users/ajaidi/.local/share/solana/install/active_release/bin:/Users/ajaidi/.nvm/versions/node/v18.7.0/bin:/Users/ajaidi/.local/share/solana/install/active_release/bin:/opt/homebrew/bin:/opt/homebrew/sbin:/usr/local/bin:/System/Cryptexes/App/usr/bin:/usr/bin:/bin:/usr/sbin:/sbin:/Users/ajaidi/.cargo/bin

Yarn version: 
  1.22.19

Node version: 
  18.7.0

Platform: 
  darwin arm64

Trace: 
  Error: https://registry.yarnpkg.com/@node%2ftypes: Not found
      at params.callback [as _callback] (/Users/ajaidi/.nvm/versions/node/v18.7.0/lib/node_modules/yarn/lib/cli.js:66145:18)
      at self.callback (/Users/ajaidi/.nvm/versions/node/v18.7.0/lib/node_modules/yarn/lib/cli.js:140890:22)
      at Request.emit (node:events:513:28)
      at Request.<anonymous> (/Users/ajaidi/.nvm/versions/node/v18.7.0/lib/node_modules/yarn/lib/cli.js:141862:10)
      at Request.emit (node:events:513:28)
      at IncomingMessage.<anonymous> (/Users/ajaidi/.nvm/versions/node/v18.7.0/lib/node_modules/yarn/lib/cli.js:141784:12)
      at Object.onceWrapper (node:events:627:28)
      at IncomingMessage.emit (node:events:525:35)
      at endReadableNT (node:internal/streams/readable:1359:12)
      at process.processTicksAndRejections (node:internal/process/task_queues:82:21)

npm manifest: 
  {
    "devDependencies": {
      "typescript": "^4.8.4"
    }
  }

yarn manifest: 
  No manifest

Lockfile: 
  # THIS IS AN AUTOGENERATED FILE. DO NOT EDIT THIS FILE DIRECTLY.
  # yarn lockfile v1
  
  
  typescript@^4.8.4:
    version "4.8.4"
    resolved "https://registry.yarnpkg.com/typescript/-/typescript-4.8.4.tgz#c464abca159669597be5f96b8943500b238e60e6"
    integrity sha512-QCh+85mCy+h0IGff8r5XWzOVSbBO+KfeYrMQh7NJ58QujwcE22u+NUSmUxqF+un70P9GXKxa2HCNiTTMJknyjQ==
